<?xml version="1.0" encoding="UTF-8"?>
<Site BuildName="Win32-MSBuild"
	BuildStamp="20230928-2342-Experimental"
	Name="jjaakkee"
	Generator="ctest-3.27.4"
	CompilerName="C:/Program Files/Microsoft Visual Studio/2022/Community/VC/Tools/MSVC/14.37.32822/bin/Hostx86/x86/cl.exe"
	CompilerVersion="19.37.32822.0"
	OSName="Windows"
	Hostname="jjaakkee"
	OSRelease=" Personal"
	OSVersion=" (Build 22621)"
	OSPlatform="AMD64"
	Is64Bits="1"
	VendorString="AuthenticAMD"
	VendorID="Advanced Micro Devices"
	FamilyID="15"
	ModelID="0"
	ProcessorCacheSize="64"
	NumberOfLogicalCPU="16"
	NumberOfPhysicalCPU="8"
	TotalVirtualMemory="17965"
	TotalPhysicalMemory="15789"
	LogicalProcessorsPerPhysical="2"
	ProcessorClockFrequency="2994"
	>
	<Testing>
		<StartDateTime>Sep 28 19:53 Eastern Summer Time</StartDateTime>
		<StartTestTime>1695945185</StartTestTime>
		<TestList/>
		<EndDateTime>Sep 28 19:53 Eastern Summer Time</EndDateTime>
		<EndTestTime>1695945185</EndTestTime>
		<ElapsedMinutes>0</ElapsedMinutes>
	</Testing>
</Site>
